[0m10:41:44.654177 [debug] [MainThread]: Sending event: {'category': 'dbt', 'action': 'invocation', 'label': 'start', 'context': [<snowplow_tracker.self_describing_json.SelfDescribingJson object at 0x7f75b9e7e970>, <snowplow_tracker.self_describing_json.SelfDescribingJson object at 0x7f75b7b66820>, <snowplow_tracker.self_describing_json.SelfDescribingJson object at 0x7f75b7b66760>]}


============================== 10:41:44.661752 | 10cd9cb7-c57b-449f-8b96-b240c1255b09 ==============================
[0m10:41:44.661752 [info ] [MainThread]: Running with dbt=1.7.4
[0m10:41:44.663614 [debug] [MainThread]: running dbt with arguments {'printer_width': '80', 'indirect_selection': 'eager', 'write_json': 'True', 'log_cache_events': 'False', 'partial_parse': 'True', 'cache_selected_only': 'False', 'profiles_dir': '/home/lillian/.dbt', 'version_check': 'True', 'fail_fast': 'False', 'log_path': '/home/lillian/Documents/TenAcadamyTasks/traffic_data/logs', 'warn_error': 'None', 'debug': 'False', 'use_colors': 'True', 'use_experimental_parser': 'False', 'no_print': 'None', 'quiet': 'False', 'log_format': 'default', 'invocation_command': 'dbt run', 'warn_error_options': 'WarnErrorOptions(include=[], exclude=[])', 'static_parser': 'True', 'target_path': 'None', 'introspect': 'True', 'send_anonymous_usage_stats': 'True'}
[0m10:41:44.954499 [error] [MainThread]: Encountered an error:
Runtime Error
  at path []: Additional properties are not allowed ('verion' was unexpected)

Error encountered in /home/lillian/Documents/TenAcadamyTasks/traffic_data/dbt_project.yml
[0m10:41:44.956231 [debug] [MainThread]: Resource report: {"command_name": "run", "command_wall_clock_time": 0.40990376, "process_user_time": 3.247728, "process_kernel_time": 0.139816, "process_mem_max_rss": "103932", "process_out_blocks": "8", "command_success": false, "process_in_blocks": "0"}
[0m10:41:44.957407 [debug] [MainThread]: Command `dbt run` failed at 10:41:44.957076 after 0.41 seconds
[0m10:41:44.958238 [debug] [MainThread]: Sending event: {'category': 'dbt', 'action': 'invocation', 'label': 'end', 'context': [<snowplow_tracker.self_describing_json.SelfDescribingJson object at 0x7f75b9e7e970>, <snowplow_tracker.self_describing_json.SelfDescribingJson object at 0x7f75b7b00b20>, <snowplow_tracker.self_describing_json.SelfDescribingJson object at 0x7f75b7522700>]}
[0m10:41:44.959084 [debug] [MainThread]: Flushing usage events
[0m10:43:24.073831 [debug] [MainThread]: Sending event: {'category': 'dbt', 'action': 'invocation', 'label': 'start', 'context': [<snowplow_tracker.self_describing_json.SelfDescribingJson object at 0x7f99a5486f40>, <snowplow_tracker.self_describing_json.SelfDescribingJson object at 0x7f99a3165820>, <snowplow_tracker.self_describing_json.SelfDescribingJson object at 0x7f99a3165760>]}


============================== 10:43:24.079067 | 2445465b-ebac-4099-8c1f-4ab549786207 ==============================
[0m10:43:24.079067 [info ] [MainThread]: Running with dbt=1.7.4
[0m10:43:24.080876 [debug] [MainThread]: running dbt with arguments {'printer_width': '80', 'indirect_selection': 'eager', 'log_cache_events': 'False', 'write_json': 'True', 'partial_parse': 'True', 'cache_selected_only': 'False', 'profiles_dir': '/home/lillian/.dbt', 'debug': 'False', 'warn_error': 'None', 'log_path': '/home/lillian/Documents/TenAcadamyTasks/traffic_data/logs', 'fail_fast': 'False', 'version_check': 'True', 'use_colors': 'True', 'use_experimental_parser': 'False', 'no_print': 'None', 'quiet': 'False', 'warn_error_options': 'WarnErrorOptions(include=[], exclude=[])', 'static_parser': 'True', 'invocation_command': 'dbt run', 'introspect': 'True', 'target_path': 'None', 'log_format': 'default', 'send_anonymous_usage_stats': 'True'}
[0m10:43:24.431575 [debug] [MainThread]: Sending event: {'category': 'dbt', 'action': 'project_id', 'label': '2445465b-ebac-4099-8c1f-4ab549786207', 'context': [<snowplow_tracker.self_describing_json.SelfDescribingJson object at 0x7f99a31ac730>]}
[0m10:43:24.628569 [debug] [MainThread]: Sending event: {'category': 'dbt', 'action': 'adapter_info', 'label': '2445465b-ebac-4099-8c1f-4ab549786207', 'context': [<snowplow_tracker.self_describing_json.SelfDescribingJson object at 0x7f99a2754760>]}
[0m10:43:24.629988 [info ] [MainThread]: Registered adapter: postgres=1.7.4
[0m10:43:24.646492 [debug] [MainThread]: checksum: 248e8aba381ba2d577dce7ab50d2010c2aac45d2b27e6e6214cdd96d2d41fabc, vars: {}, profile: , target: , version: 1.7.4
[0m10:43:24.649014 [info ] [MainThread]: Unable to do partial parsing because saved manifest not found. Starting full parse.
[0m10:43:24.650234 [debug] [MainThread]: Sending event: {'category': 'dbt', 'action': 'partial_parser', 'label': '2445465b-ebac-4099-8c1f-4ab549786207', 'context': [<snowplow_tracker.self_describing_json.SelfDescribingJson object at 0x7f99a2398a90>]}
[0m10:43:25.792787 [debug] [MainThread]: Sending event: {'category': 'dbt', 'action': 'load_project', 'label': '2445465b-ebac-4099-8c1f-4ab549786207', 'context': [<snowplow_tracker.self_describing_json.SelfDescribingJson object at 0x7f99a22b7af0>]}
[0m10:43:25.804758 [debug] [MainThread]: Sending event: {'category': 'dbt', 'action': 'resource_counts', 'label': '2445465b-ebac-4099-8c1f-4ab549786207', 'context': [<snowplow_tracker.self_describing_json.SelfDescribingJson object at 0x7f99a22b7af0>]}
[0m10:43:25.806328 [info ] [MainThread]: Found 0 sources, 0 exposures, 0 metrics, 401 macros, 0 groups, 0 semantic models
[0m10:43:25.807918 [debug] [MainThread]: Sending event: {'category': 'dbt', 'action': 'runnable_timing', 'label': '2445465b-ebac-4099-8c1f-4ab549786207', 'context': [<snowplow_tracker.self_describing_json.SelfDescribingJson object at 0x7f99a2b04f10>]}
[0m10:43:25.809982 [info ] [MainThread]: 
[0m10:43:25.810816 [warn ] [MainThread]: Nothing to do. Try checking your model configs and model specification args
[0m10:43:25.811853 [debug] [MainThread]: Command end result
[0m10:43:25.837332 [debug] [MainThread]: Resource report: {"command_name": "run", "command_success": true, "command_wall_clock_time": 1.8459283, "process_user_time": 4.542491, "process_kernel_time": 0.171189, "process_mem_max_rss": "110448", "process_in_blocks": "9224", "process_out_blocks": "2264"}
[0m10:43:25.840581 [debug] [MainThread]: Command `dbt run` succeeded at 10:43:25.838900 after 1.85 seconds
[0m10:43:25.844040 [debug] [MainThread]: Sending event: {'category': 'dbt', 'action': 'invocation', 'label': 'end', 'context': [<snowplow_tracker.self_describing_json.SelfDescribingJson object at 0x7f99a5486f40>, <snowplow_tracker.self_describing_json.SelfDescribingJson object at 0x7f99a2398eb0>, <snowplow_tracker.self_describing_json.SelfDescribingJson object at 0x7f99a1fd00a0>]}
[0m10:43:25.845515 [debug] [MainThread]: Flushing usage events
[0m10:43:44.153377 [debug] [MainThread]: Sending event: {'category': 'dbt', 'action': 'invocation', 'label': 'start', 'context': [<snowplow_tracker.self_describing_json.SelfDescribingJson object at 0x7f08b7786f70>, <snowplow_tracker.self_describing_json.SelfDescribingJson object at 0x7f08b54a7df0>, <snowplow_tracker.self_describing_json.SelfDescribingJson object at 0x7f08b54a7ee0>]}


============================== 10:43:44.156859 | 97bc45b6-a088-4e99-99e3-e3c238528268 ==============================
[0m10:43:44.156859 [info ] [MainThread]: Running with dbt=1.7.4
[0m10:43:44.157872 [debug] [MainThread]: running dbt with arguments {'printer_width': '80', 'indirect_selection': 'eager', 'write_json': 'True', 'log_cache_events': 'False', 'partial_parse': 'True', 'cache_selected_only': 'False', 'warn_error': 'None', 'debug': 'False', 'version_check': 'True', 'log_path': '/home/lillian/Documents/TenAcadamyTasks/traffic_data/logs', 'profiles_dir': '/home/lillian/.dbt', 'fail_fast': 'False', 'use_colors': 'True', 'use_experimental_parser': 'False', 'no_print': 'None', 'quiet': 'False', 'log_format': 'default', 'introspect': 'True', 'invocation_command': 'dbt debug', 'static_parser': 'True', 'target_path': 'None', 'warn_error_options': 'WarnErrorOptions(include=[], exclude=[])', 'send_anonymous_usage_stats': 'True'}
[0m10:43:44.158822 [info ] [MainThread]: dbt version: 1.7.4
[0m10:43:44.159585 [info ] [MainThread]: python version: 3.8.18
[0m10:43:44.160282 [info ] [MainThread]: python path: /home/lillian/anaconda3/envs/weekone/bin/python
[0m10:43:44.160973 [info ] [MainThread]: os info: Linux-6.2.0-37-generic-x86_64-with-glibc2.17
[0m10:43:44.298264 [info ] [MainThread]: Using profiles dir at /home/lillian/.dbt
[0m10:43:44.299389 [info ] [MainThread]: Using profiles.yml file at /home/lillian/.dbt/profiles.yml
[0m10:43:44.300390 [info ] [MainThread]: Using dbt_project.yml file at /home/lillian/Documents/TenAcadamyTasks/traffic_data/dbt_project.yml
[0m10:43:44.301411 [info ] [MainThread]: adapter type: postgres
[0m10:43:44.302203 [info ] [MainThread]: adapter version: 1.7.4
[0m10:43:44.423633 [info ] [MainThread]: Configuration:
[0m10:43:44.424458 [info ] [MainThread]:   profiles.yml file [[32mOK found and valid[0m]
[0m10:43:44.425166 [info ] [MainThread]:   dbt_project.yml file [[32mOK found and valid[0m]
[0m10:43:44.425835 [info ] [MainThread]: Required dependencies:
[0m10:43:44.426578 [debug] [MainThread]: Executing "git --help"
[0m10:43:44.436971 [debug] [MainThread]: STDOUT: "b"usage: git [--version] [--help] [-C <path>] [-c <name>=<value>]\n           [--exec-path[=<path>]] [--html-path] [--man-path] [--info-path]\n           [-p | --paginate | -P | --no-pager] [--no-replace-objects] [--bare]\n           [--git-dir=<path>] [--work-tree=<path>] [--namespace=<name>]\n           [--super-prefix=<path>] [--config-env=<name>=<envvar>]\n           <command> [<args>]\n\nThese are common Git commands used in various situations:\n\nstart a working area (see also: git help tutorial)\n   clone     Clone a repository into a new directory\n   init      Create an empty Git repository or reinitialize an existing one\n\nwork on the current change (see also: git help everyday)\n   add       Add file contents to the index\n   mv        Move or rename a file, a directory, or a symlink\n   restore   Restore working tree files\n   rm        Remove files from the working tree and from the index\n\nexamine the history and state (see also: git help revisions)\n   bisect    Use binary search to find the commit that introduced a bug\n   diff      Show changes between commits, commit and working tree, etc\n   grep      Print lines matching a pattern\n   log       Show commit logs\n   show      Show various types of objects\n   status    Show the working tree status\n\ngrow, mark and tweak your common history\n   branch    List, create, or delete branches\n   commit    Record changes to the repository\n   merge     Join two or more development histories together\n   rebase    Reapply commits on top of another base tip\n   reset     Reset current HEAD to the specified state\n   switch    Switch branches\n   tag       Create, list, delete or verify a tag object signed with GPG\n\ncollaborate (see also: git help workflows)\n   fetch     Download objects and refs from another repository\n   pull      Fetch from and integrate with another repository or a local branch\n   push      Update remote refs along with associated objects\n\n'git help -a' and 'git help -g' list available subcommands and some\nconcept guides. See 'git help <command>' or 'git help <concept>'\nto read about a specific subcommand or concept.\nSee 'git help git' for an overview of the system.\n""
[0m10:43:44.438713 [debug] [MainThread]: STDERR: "b''"
[0m10:43:44.439675 [info ] [MainThread]:  - git [[32mOK found[0m]

[0m10:43:44.440982 [info ] [MainThread]: Connection:
[0m10:43:44.442989 [info ] [MainThread]:   host: localhost
[0m10:43:44.444466 [info ] [MainThread]:   port: 5432
[0m10:43:44.445490 [info ] [MainThread]:   user: lillian
[0m10:43:44.446725 [info ] [MainThread]:   database: traffic
[0m10:43:44.448349 [info ] [MainThread]:   schema: traffic_data
[0m10:43:44.451575 [info ] [MainThread]:   connect_timeout: 10
[0m10:43:44.454409 [info ] [MainThread]:   role: None
[0m10:43:44.457342 [info ] [MainThread]:   search_path: None
[0m10:43:44.459352 [info ] [MainThread]:   keepalives_idle: 0
[0m10:43:44.460339 [info ] [MainThread]:   sslmode: None
[0m10:43:44.461176 [info ] [MainThread]:   sslcert: None
[0m10:43:44.462008 [info ] [MainThread]:   sslkey: None
[0m10:43:44.462819 [info ] [MainThread]:   sslrootcert: None
[0m10:43:44.463581 [info ] [MainThread]:   application_name: dbt
[0m10:43:44.464355 [info ] [MainThread]:   retries: 1
[0m10:43:44.465527 [info ] [MainThread]: Registered adapter: postgres=1.7.4
[0m10:43:44.467553 [debug] [MainThread]: Acquiring new postgres connection 'debug'
[0m10:43:44.469056 [debug] [MainThread]: Using postgres connection "debug"
[0m10:43:44.471538 [debug] [MainThread]: On debug: select 1 as id
[0m10:43:44.474770 [debug] [MainThread]: Opening a new connection, currently in state init
[0m10:43:44.498930 [debug] [MainThread]: SQL status: SELECT 1 in 0.0 seconds
[0m10:43:44.503368 [debug] [MainThread]: On debug: Close
[0m10:43:44.504307 [info ] [MainThread]:   Connection test: [[32mOK connection ok[0m]

[0m10:43:44.505266 [info ] [MainThread]: [32mAll checks passed![0m
[0m10:43:44.507128 [debug] [MainThread]: Resource report: {"command_name": "debug", "command_success": true, "command_wall_clock_time": 0.43466014, "process_user_time": 3.144852, "process_kernel_time": 0.092024, "process_mem_max_rss": "106264", "process_in_blocks": "2216", "process_out_blocks": "16"}
[0m10:43:44.508814 [debug] [MainThread]: Command `dbt debug` succeeded at 10:43:44.508261 after 0.44 seconds
[0m10:43:44.510394 [debug] [MainThread]: Connection 'debug' was properly closed.
[0m10:43:44.512074 [debug] [MainThread]: Sending event: {'category': 'dbt', 'action': 'invocation', 'label': 'end', 'context': [<snowplow_tracker.self_describing_json.SelfDescribingJson object at 0x7f08b7786f70>, <snowplow_tracker.self_describing_json.SelfDescribingJson object at 0x7f08b4d475b0>, <snowplow_tracker.self_describing_json.SelfDescribingJson object at 0x7f08b4d78880>]}
[0m10:43:44.515005 [debug] [MainThread]: Flushing usage events
